[debug] [2021-09-11T17:02:10.170Z] ----------------------------------------------------------------------
[debug] [2021-09-11T17:02:10.171Z] Command:       /usr/local/bin/node /usr/local/bin/firebase init
[debug] [2021-09-11T17:02:10.171Z] CLI Version:   9.18.0
[debug] [2021-09-11T17:02:10.171Z] Platform:      darwin
[debug] [2021-09-11T17:02:10.171Z] Node Version:  v14.17.6
[debug] [2021-09-11T17:02:10.172Z] Time:          Sat Sep 11 2021 13:02:10 GMT-0400 (Eastern Daylight Time)
[debug] [2021-09-11T17:02:10.172Z] ----------------------------------------------------------------------
[debug] 
[debug] [2021-09-11T17:02:10.209Z] > command requires scopes: ["email","openid","https://www.googleapis.com/auth/cloudplatformprojects.readonly","https://www.googleapis.com/auth/firebase","https://www.googleapis.com/auth/cloud-platform"]
[debug] [2021-09-11T17:02:10.209Z] > authorizing via signed-in user (ldel84301@gmail.com)
[info] 
     ######## #### ########  ######## ########     ###     ######  ########
     ##        ##  ##     ## ##       ##     ##  ##   ##  ##       ##
     ######    ##  ########  ######   ########  #########  ######  ######
     ##        ##  ##    ##  ##       ##     ## ##     ##       ## ##
     ##       #### ##     ## ######## ########  ##     ##  ######  ########

You're about to initialize a Firebase project in this directory:

  /Users/upalc/Documents/art/generativeB/metaplex

Before we get started, keep in mind:

  * You are initializing within an existing Firebase project directory

[info] 
=== Project Setup
[info] 
[info] First, let's associate this project directory with a Firebase project.
[info] You can create multiple project aliases by running firebase use --add, 
[info] but for now we'll just set up a default project.
[info] 
[info] i  .firebaserc already has a default project, using generativeblock. 
[debug] [2021-09-11T17:02:21.054Z] > refreshing access token with scopes: []
[debug] [2021-09-11T17:02:21.055Z] >>> HTTP REQUEST POST https://www.googleapis.com/oauth2/v3/token  
 <request body omitted>
[debug] [2021-09-11T17:02:22.594Z] <<< HTTP RESPONSE 200 {"pragma":"no-cache","date":"Sat, 11 Sep 2021 17:02:22 GMT","cache-control":"no-cache, no-store, max-age=0, must-revalidate","expires":"Mon, 01 Jan 1990 00:00:00 GMT","content-type":"application/json; charset=utf-8","vary":"X-Origin, Referer, Origin,Accept-Encoding","server":"scaffolding on HTTPServer2","x-xss-protection":"0","x-frame-options":"SAMEORIGIN","x-content-type-options":"nosniff","alt-svc":"h3=\":443\"; ma=2592000,h3-29=\":443\"; ma=2592000,h3-T051=\":443\"; ma=2592000,h3-Q050=\":443\"; ma=2592000,h3-Q046=\":443\"; ma=2592000,h3-Q043=\":443\"; ma=2592000,quic=\":443\"; ma=2592000; v=\"46,43\"","accept-ranges":"none","transfer-encoding":"chunked"}
[debug] [2021-09-11T17:02:22.642Z] >>> [apiv2][query] GET https://firebase.googleapis.com/v1beta1/projects/generativeblock [none]
[debug] [2021-09-11T17:02:23.879Z] <<< [apiv2][status] GET https://firebase.googleapis.com/v1beta1/projects/generativeblock 200
[debug] [2021-09-11T17:02:23.879Z] <<< [apiv2][body] GET https://firebase.googleapis.com/v1beta1/projects/generativeblock {"projectId":"generativeblock","projectNumber":"178683568729","displayName":"generativeblock","name":"projects/generativeblock","resources":{"hostingSite":"generativeblock"},"state":"ACTIVE"}
[info] 
=== Hosting:github Setup
[info] 
[info] i  Detected a .git folder at /Users/upalc/Documents/art/generativeB/metaplex 
[info] i  Authorizing with GitHub to upload your service account to a GitHub repository's secrets store. 
[info] 
[info] Visit this URL on this device to log in:
[info] https://github.com/login/oauth/authorize?client_id=89cf50f02ac6aaed3484&state=733547228&redirect_uri=http%3A%2F%2Flocalhost%3A9005&scope=read%3Auser%20repo%20public_repo
[info] 
[info] Waiting for authentication...
